
INFO [acme.Launcher] Starting Launcher using Java 1.8.0_281 on DESKTOP-HTLCG02 with PID 14268 (C:\Users\Ezequ\git\dp2-repository-group-26-2\target\classes started by Ezequ in C:\Users\Ezequ\git\dp2-repository-group-26-2)
INFO [acme.Launcher] The following profiles are active: development,populator
INFO [acme.Launcher] Starting Launcher using Java 1.8.0_281 on DESKTOP-HTLCG02 with PID 2788 (C:\Users\Ezequ\git\dp2-repository-group-26-2\target\classes started by Ezequ in C:\Users\Ezequ\git\dp2-repository-group-26-2)
INFO [acme.Launcher] The following profiles are active: development,populator
INFO [acme.Launcher] Started Launcher in 7.534 seconds (JVM running for 8.173)
INFO [acme.framework.utilities.DatabasePopulator] Populating initial data
INFO [acme.framework.utilities.DatabasePopulator] Recreating schema
INFO [acme.framework.utilities.DatabasePopulator] Populating entities from classpath:/WEB-INF/population/initial-data.xml
INFO [acme.framework.utilities.DatabasePopulator] Validating your entities.
INFO [acme.framework.utilities.DatabasePopulator] Validating anonymousUserAccount ... PASS
INFO [acme.framework.utilities.DatabasePopulator] Validating anonymousAnonymous ... PASS
INFO [acme.framework.utilities.DatabasePopulator] Validating administratorUserAccount ... PASS
INFO [acme.framework.utilities.DatabasePopulator] Validating administratorAdministrator ... PASS
INFO [acme.framework.utilities.DatabasePopulator] Validating administratorAuthenticated ... PASS
INFO [acme.framework.utilities.DatabasePopulator] Validating word1 ... PASS
INFO [acme.framework.utilities.DatabasePopulator] Validating word2 ... PASS
INFO [acme.framework.utilities.DatabasePopulator] Validating word3 ... PASS
INFO [acme.framework.utilities.DatabasePopulator] Validating word4 ... PASS
INFO [acme.framework.utilities.DatabasePopulator] Validating word5 ... PASS
INFO [acme.framework.utilities.DatabasePopulator] Validating word6 ... PASS
INFO [acme.framework.utilities.DatabasePopulator] Validating word7 ... PASS
INFO [acme.framework.utilities.DatabasePopulator] Validating word8 ... PASS
INFO [acme.framework.utilities.DatabasePopulator] Validating word9 ... PASS
INFO [acme.framework.utilities.DatabasePopulator] Validating word10 ... PASS
INFO [acme.framework.utilities.DatabasePopulator] Validating word11 ... PASS
INFO [acme.framework.utilities.DatabasePopulator] Validating word12 ... PASS
INFO [acme.framework.utilities.DatabasePopulator] Validating word13 ... PASS
INFO [acme.framework.utilities.DatabasePopulator] Validating word14 ... PASS
INFO [acme.framework.utilities.DatabasePopulator] Validating word15 ... PASS
INFO [acme.framework.utilities.DatabasePopulator] Validating spamN1 ... PASS
INFO [acme.framework.utilities.DatabasePopulator] Sorting your entities topologically.
INFO [acme.framework.utilities.DatabasePopulator] > Setting index 0 for anonymousUserAccount.
INFO [acme.framework.utilities.DatabasePopulator] > Setting index 1 for anonymousAnonymous.
INFO [acme.framework.utilities.DatabasePopulator] > Setting index 2 for administratorUserAccount.
INFO [acme.framework.utilities.DatabasePopulator] > Setting index 3 for administratorAdministrator.
INFO [acme.framework.utilities.DatabasePopulator] > Setting index 4 for administratorAuthenticated.
INFO [acme.framework.utilities.DatabasePopulator] > Setting index 5 for word1.
INFO [acme.framework.utilities.DatabasePopulator] > Setting index 6 for word2.
INFO [acme.framework.utilities.DatabasePopulator] > Setting index 7 for word3.
INFO [acme.framework.utilities.DatabasePopulator] > Setting index 8 for word4.
INFO [acme.framework.utilities.DatabasePopulator] > Setting index 9 for word5.
INFO [acme.framework.utilities.DatabasePopulator] > Setting index 10 for word6.
INFO [acme.framework.utilities.DatabasePopulator] > Setting index 11 for word7.
INFO [acme.framework.utilities.DatabasePopulator] > Setting index 12 for word8.
INFO [acme.framework.utilities.DatabasePopulator] > Setting index 13 for word9.
INFO [acme.framework.utilities.DatabasePopulator] > Setting index 14 for word10.
INFO [acme.framework.utilities.DatabasePopulator] > Setting index 15 for word11.
INFO [acme.framework.utilities.DatabasePopulator] > Setting index 16 for word12.
INFO [acme.framework.utilities.DatabasePopulator] > Setting index 17 for word13.
INFO [acme.framework.utilities.DatabasePopulator] > Setting index 18 for word14.
INFO [acme.framework.utilities.DatabasePopulator] > Setting index 19 for word15.
INFO [acme.framework.utilities.DatabasePopulator] > Setting index 20 for spamN1.
INFO [acme.framework.utilities.DatabasePopulator] Persiting your entities.
INFO [acme.framework.utilities.DatabasePopulator] > Persisting anonymousUserAccount = acme.framework.entities.UserAccount{id=1, version=0}
INFO [acme.framework.utilities.DatabasePopulator] > Persisting anonymousAnonymous = acme.framework.entities.Anonymous{id=2, version=0}
INFO [acme.framework.utilities.DatabasePopulator] > Persisting administratorUserAccount = acme.framework.entities.UserAccount{id=3, version=0}
INFO [acme.framework.utilities.DatabasePopulator] > Persisting administratorAdministrator = acme.framework.entities.Administrator{id=4, version=0}
INFO [acme.framework.utilities.DatabasePopulator] > Persisting administratorAuthenticated = acme.framework.entities.Authenticated{id=5, version=0}
INFO [acme.framework.utilities.DatabasePopulator] > Persisting word1 = acme.entities.words.Word{id=6, version=0}
INFO [acme.framework.utilities.DatabasePopulator] > Persisting word2 = acme.entities.words.Word{id=7, version=0}
INFO [acme.framework.utilities.DatabasePopulator] > Persisting word3 = acme.entities.words.Word{id=8, version=0}
INFO [acme.framework.utilities.DatabasePopulator] > Persisting word4 = acme.entities.words.Word{id=9, version=0}
INFO [acme.framework.utilities.DatabasePopulator] > Persisting word5 = acme.entities.words.Word{id=10, version=0}
INFO [acme.framework.utilities.DatabasePopulator] > Persisting word6 = acme.entities.words.Word{id=11, version=0}
INFO [acme.framework.utilities.DatabasePopulator] > Persisting word7 = acme.entities.words.Word{id=12, version=0}
INFO [acme.framework.utilities.DatabasePopulator] > Persisting word8 = acme.entities.words.Word{id=13, version=0}
INFO [acme.framework.utilities.DatabasePopulator] > Persisting word9 = acme.entities.words.Word{id=14, version=0}
INFO [acme.framework.utilities.DatabasePopulator] > Persisting word10 = acme.entities.words.Word{id=15, version=0}
INFO [acme.framework.utilities.DatabasePopulator] > Persisting word11 = acme.entities.words.Word{id=16, version=0}
INFO [acme.framework.utilities.DatabasePopulator] > Persisting word12 = acme.entities.words.Word{id=17, version=0}
INFO [acme.framework.utilities.DatabasePopulator] > Persisting word13 = acme.entities.words.Word{id=18, version=0}
INFO [acme.framework.utilities.DatabasePopulator] > Persisting word14 = acme.entities.words.Word{id=19, version=0}
INFO [acme.framework.utilities.DatabasePopulator] > Persisting word15 = acme.entities.words.Word{id=20, version=0}
INFO [acme.framework.utilities.DatabasePopulator] > Persisting spamN1 = acme.entities.spam.Spam{id=21, version=0}
INFO [acme.framework.configuration.ShutdownConfiguration] The system is shutting down...
INFO [acme.Launcher] Starting Launcher using Java 1.8.0_281 on DESKTOP-HTLCG02 with PID 11636 (C:\Users\Ezequ\git\dp2-repository-group-26-2\target\classes started by Ezequ in C:\Users\Ezequ\git\dp2-repository-group-26-2)
INFO [acme.Launcher] The following profiles are active: development,populator
INFO [acme.Launcher] Started Launcher in 9.379 seconds (JVM running for 10.97)
INFO [acme.framework.utilities.DatabasePopulator] Populating initial data
INFO [acme.framework.utilities.DatabasePopulator] Recreating schema
INFO [acme.framework.utilities.DatabasePopulator] Populating entities from classpath:/WEB-INF/population/initial-data.xml
INFO [acme.framework.utilities.DatabasePopulator] Validating your entities.
INFO [acme.framework.utilities.DatabasePopulator] Validating anonymousUserAccount ... PASS
INFO [acme.framework.utilities.DatabasePopulator] Validating anonymousAnonymous ... PASS
INFO [acme.framework.utilities.DatabasePopulator] Validating administratorUserAccount ... PASS
INFO [acme.framework.utilities.DatabasePopulator] Validating administratorAdministrator ... PASS
INFO [acme.framework.utilities.DatabasePopulator] Validating administratorAuthenticated ... PASS
INFO [acme.framework.utilities.DatabasePopulator] Validating word1 ... PASS
INFO [acme.framework.utilities.DatabasePopulator] Validating word2 ... PASS
INFO [acme.framework.utilities.DatabasePopulator] Validating word3 ... PASS
INFO [acme.framework.utilities.DatabasePopulator] Validating word4 ... PASS
INFO [acme.framework.utilities.DatabasePopulator] Validating word5 ... PASS
INFO [acme.framework.utilities.DatabasePopulator] Validating word6 ... PASS
INFO [acme.framework.utilities.DatabasePopulator] Validating word7 ... PASS
INFO [acme.framework.utilities.DatabasePopulator] Validating word8 ... PASS
INFO [acme.framework.utilities.DatabasePopulator] Validating word9 ... PASS
INFO [acme.framework.utilities.DatabasePopulator] Validating word10 ... PASS
INFO [acme.framework.utilities.DatabasePopulator] Validating word11 ... PASS
INFO [acme.framework.utilities.DatabasePopulator] Validating word12 ... PASS
INFO [acme.framework.utilities.DatabasePopulator] Validating word13 ... PASS
INFO [acme.framework.utilities.DatabasePopulator] Validating word14 ... PASS
INFO [acme.framework.utilities.DatabasePopulator] Validating word15 ... PASS
INFO [acme.framework.utilities.DatabasePopulator] Validating spamN1 ... PASS
INFO [acme.framework.utilities.DatabasePopulator] Sorting your entities topologically.
INFO [acme.framework.utilities.DatabasePopulator] > Setting index 0 for anonymousUserAccount.
INFO [acme.framework.utilities.DatabasePopulator] > Setting index 1 for anonymousAnonymous.
INFO [acme.framework.utilities.DatabasePopulator] > Setting index 2 for administratorUserAccount.
INFO [acme.framework.utilities.DatabasePopulator] > Setting index 3 for administratorAdministrator.
INFO [acme.framework.utilities.DatabasePopulator] > Setting index 4 for administratorAuthenticated.
INFO [acme.framework.utilities.DatabasePopulator] > Setting index 5 for word1.
INFO [acme.framework.utilities.DatabasePopulator] > Setting index 6 for word2.
INFO [acme.framework.utilities.DatabasePopulator] > Setting index 7 for word3.
INFO [acme.framework.utilities.DatabasePopulator] > Setting index 8 for word4.
INFO [acme.framework.utilities.DatabasePopulator] > Setting index 9 for word5.
INFO [acme.framework.utilities.DatabasePopulator] > Setting index 10 for word6.
INFO [acme.framework.utilities.DatabasePopulator] > Setting index 11 for word7.
INFO [acme.framework.utilities.DatabasePopulator] > Setting index 12 for word8.
INFO [acme.framework.utilities.DatabasePopulator] > Setting index 13 for word9.
INFO [acme.framework.utilities.DatabasePopulator] > Setting index 14 for word10.
INFO [acme.framework.utilities.DatabasePopulator] > Setting index 15 for word11.
INFO [acme.framework.utilities.DatabasePopulator] > Setting index 16 for word12.
INFO [acme.framework.utilities.DatabasePopulator] > Setting index 17 for word13.
INFO [acme.framework.utilities.DatabasePopulator] > Setting index 18 for word14.
INFO [acme.framework.utilities.DatabasePopulator] > Setting index 19 for word15.
INFO [acme.framework.utilities.DatabasePopulator] > Setting index 20 for spamN1.
INFO [acme.framework.utilities.DatabasePopulator] Persiting your entities.
INFO [acme.framework.utilities.DatabasePopulator] > Persisting anonymousUserAccount = acme.framework.entities.UserAccount{id=1, version=0}
INFO [acme.framework.utilities.DatabasePopulator] > Persisting anonymousAnonymous = acme.framework.entities.Anonymous{id=2, version=0}
INFO [acme.framework.utilities.DatabasePopulator] > Persisting administratorUserAccount = acme.framework.entities.UserAccount{id=3, version=0}
INFO [acme.framework.utilities.DatabasePopulator] > Persisting administratorAdministrator = acme.framework.entities.Administrator{id=4, version=0}
INFO [acme.framework.utilities.DatabasePopulator] > Persisting administratorAuthenticated = acme.framework.entities.Authenticated{id=5, version=0}
INFO [acme.framework.utilities.DatabasePopulator] > Persisting word1 = acme.entities.words.Word{id=6, version=0}
INFO [acme.framework.utilities.DatabasePopulator] > Persisting word2 = acme.entities.words.Word{id=7, version=0}
INFO [acme.framework.utilities.DatabasePopulator] > Persisting word3 = acme.entities.words.Word{id=8, version=0}
INFO [acme.framework.utilities.DatabasePopulator] > Persisting word4 = acme.entities.words.Word{id=9, version=0}
INFO [acme.framework.utilities.DatabasePopulator] > Persisting word5 = acme.entities.words.Word{id=10, version=0}
INFO [acme.framework.utilities.DatabasePopulator] > Persisting word6 = acme.entities.words.Word{id=11, version=0}
INFO [acme.framework.utilities.DatabasePopulator] > Persisting word7 = acme.entities.words.Word{id=12, version=0}
INFO [acme.framework.utilities.DatabasePopulator] > Persisting word8 = acme.entities.words.Word{id=13, version=0}
INFO [acme.framework.utilities.DatabasePopulator] > Persisting word9 = acme.entities.words.Word{id=14, version=0}
INFO [acme.framework.utilities.DatabasePopulator] > Persisting word10 = acme.entities.words.Word{id=15, version=0}
INFO [acme.framework.utilities.DatabasePopulator] > Persisting word11 = acme.entities.words.Word{id=16, version=0}
INFO [acme.framework.utilities.DatabasePopulator] > Persisting word12 = acme.entities.words.Word{id=17, version=0}
INFO [acme.framework.utilities.DatabasePopulator] > Persisting word13 = acme.entities.words.Word{id=18, version=0}
INFO [acme.framework.utilities.DatabasePopulator] > Persisting word14 = acme.entities.words.Word{id=19, version=0}
INFO [acme.framework.utilities.DatabasePopulator] > Persisting word15 = acme.entities.words.Word{id=20, version=0}
INFO [acme.framework.utilities.DatabasePopulator] > Persisting spamN1 = acme.entities.spam.Spam{id=21, version=0}
INFO [acme.framework.configuration.ShutdownConfiguration] The system is shutting down...
ERROR [org.apache.jsp.WEB_002dINF.views.framework.panic_jsp] HTTP GET /Acme-Planner/WEB-INF/views/framework/page.jsp HTTP/1.1
ERROR [org.apache.jsp.WEB_002dINF.views.framework.panic_jsp] Status: 500
ERROR [org.apache.jsp.WEB_002dINF.views.framework.panic_jsp] Exception: acme.framework.helpers.Assert.state(Assert.java:45): Access is not authorised
ERROR [org.apache.jsp.WEB_002dINF.views.framework.panic_jsp] HTTP GET /Acme-Planner/WEB-INF/views/framework/page.jsp HTTP/1.1
ERROR [org.apache.jsp.WEB_002dINF.views.framework.panic_jsp] Status: 500
ERROR [org.apache.jsp.WEB_002dINF.views.framework.panic_jsp] Exception: acme.framework.helpers.Assert.state(Assert.java:45): Access is not authorised
ERROR [org.apache.jsp.WEB_002dINF.views.framework.panic_jsp] HTTP GET /Acme-Planner/WEB-INF/views/framework/page.jsp HTTP/1.1
ERROR [org.apache.jsp.WEB_002dINF.views.framework.panic_jsp] Status: 500
ERROR [org.apache.jsp.WEB_002dINF.views.framework.panic_jsp] Exception: acme.framework.helpers.Assert.state(Assert.java:45): Access is not authorised
ERROR [org.apache.jsp.WEB_002dINF.views.framework.panic_jsp] HTTP GET /Acme-Planner/WEB-INF/views/framework/page.jsp HTTP/1.1
ERROR [org.apache.jsp.WEB_002dINF.views.framework.panic_jsp] Status: 500
ERROR [org.apache.jsp.WEB_002dINF.views.framework.panic_jsp] Exception: acme.framework.helpers.Assert.state(Assert.java:45): Access is not authorised
ERROR [org.apache.jsp.WEB_002dINF.views.framework.panic_jsp] HTTP GET /Acme-Planner/WEB-INF/views/framework/page.jsp HTTP/1.1
ERROR [org.apache.jsp.WEB_002dINF.views.framework.panic_jsp] Status: 404
INFO [acme.Launcher] Starting Launcher using Java 1.8.0_281 on DESKTOP-HTLCG02 with PID 14272 (C:\Users\Ezequ\git\dp2-repository-group-26-2\target\classes started by Ezequ in C:\Users\Ezequ\git\dp2-repository-group-26-2)
INFO [acme.Launcher] The following profiles are active: development,populator
INFO [acme.Launcher] Started Launcher in 7.31 seconds (JVM running for 8.135)
INFO [acme.framework.utilities.DatabasePopulator] Populating initial data
INFO [acme.framework.utilities.DatabasePopulator] Recreating schema
INFO [acme.framework.utilities.DatabasePopulator] Populating entities from classpath:/WEB-INF/population/initial-data.xml
INFO [acme.framework.utilities.DatabasePopulator] Validating your entities.
INFO [acme.framework.utilities.DatabasePopulator] Validating anonymousUserAccount ... PASS
INFO [acme.framework.utilities.DatabasePopulator] Validating anonymousAnonymous ... PASS
INFO [acme.framework.utilities.DatabasePopulator] Validating administratorUserAccount ... PASS
INFO [acme.framework.utilities.DatabasePopulator] Validating administratorAdministrator ... PASS
INFO [acme.framework.utilities.DatabasePopulator] Validating administratorAuthenticated ... PASS
INFO [acme.framework.utilities.DatabasePopulator] Validating word1 ... PASS
INFO [acme.framework.utilities.DatabasePopulator] Validating word2 ... PASS
INFO [acme.framework.utilities.DatabasePopulator] Validating word3 ... PASS
INFO [acme.framework.utilities.DatabasePopulator] Validating word4 ... PASS
INFO [acme.framework.utilities.DatabasePopulator] Validating word5 ... PASS
INFO [acme.framework.utilities.DatabasePopulator] Validating word6 ... PASS
INFO [acme.framework.utilities.DatabasePopulator] Validating word7 ... PASS
INFO [acme.framework.utilities.DatabasePopulator] Validating word8 ... PASS
INFO [acme.framework.utilities.DatabasePopulator] Validating word9 ... PASS
INFO [acme.framework.utilities.DatabasePopulator] Validating word10 ... PASS
INFO [acme.framework.utilities.DatabasePopulator] Validating word11 ... PASS
INFO [acme.framework.utilities.DatabasePopulator] Validating word12 ... PASS
INFO [acme.framework.utilities.DatabasePopulator] Validating word13 ... PASS
INFO [acme.framework.utilities.DatabasePopulator] Validating word14 ... PASS
INFO [acme.framework.utilities.DatabasePopulator] Validating word15 ... PASS
INFO [acme.framework.utilities.DatabasePopulator] Validating spamN1 ... PASS
INFO [acme.framework.utilities.DatabasePopulator] Sorting your entities topologically.
INFO [acme.framework.utilities.DatabasePopulator] > Setting index 0 for anonymousUserAccount.
INFO [acme.framework.utilities.DatabasePopulator] > Setting index 1 for anonymousAnonymous.
INFO [acme.framework.utilities.DatabasePopulator] > Setting index 2 for administratorUserAccount.
INFO [acme.framework.utilities.DatabasePopulator] > Setting index 3 for administratorAdministrator.
INFO [acme.framework.utilities.DatabasePopulator] > Setting index 4 for administratorAuthenticated.
INFO [acme.framework.utilities.DatabasePopulator] > Setting index 5 for word1.
INFO [acme.framework.utilities.DatabasePopulator] > Setting index 6 for word2.
INFO [acme.framework.utilities.DatabasePopulator] > Setting index 7 for word3.
INFO [acme.framework.utilities.DatabasePopulator] > Setting index 8 for word4.
INFO [acme.framework.utilities.DatabasePopulator] > Setting index 9 for word5.
INFO [acme.framework.utilities.DatabasePopulator] > Setting index 10 for word6.
INFO [acme.framework.utilities.DatabasePopulator] > Setting index 11 for word7.
INFO [acme.framework.utilities.DatabasePopulator] > Setting index 12 for word8.
INFO [acme.framework.utilities.DatabasePopulator] > Setting index 13 for word9.
INFO [acme.framework.utilities.DatabasePopulator] > Setting index 14 for word10.
INFO [acme.framework.utilities.DatabasePopulator] > Setting index 15 for word11.
INFO [acme.framework.utilities.DatabasePopulator] > Setting index 16 for word12.
INFO [acme.framework.utilities.DatabasePopulator] > Setting index 17 for word13.
INFO [acme.framework.utilities.DatabasePopulator] > Setting index 18 for word14.
INFO [acme.framework.utilities.DatabasePopulator] > Setting index 19 for word15.
INFO [acme.framework.utilities.DatabasePopulator] > Setting index 20 for spamN1.
INFO [acme.framework.utilities.DatabasePopulator] Persiting your entities.
INFO [acme.framework.utilities.DatabasePopulator] > Persisting anonymousUserAccount = acme.framework.entities.UserAccount{id=1, version=0}
INFO [acme.framework.utilities.DatabasePopulator] > Persisting anonymousAnonymous = acme.framework.entities.Anonymous{id=2, version=0}
INFO [acme.framework.utilities.DatabasePopulator] > Persisting administratorUserAccount = acme.framework.entities.UserAccount{id=3, version=0}
INFO [acme.framework.utilities.DatabasePopulator] > Persisting administratorAdministrator = acme.framework.entities.Administrator{id=4, version=0}
INFO [acme.framework.utilities.DatabasePopulator] > Persisting administratorAuthenticated = acme.framework.entities.Authenticated{id=5, version=0}
INFO [acme.framework.utilities.DatabasePopulator] > Persisting word1 = acme.entities.words.Word{id=6, version=0}
INFO [acme.framework.utilities.DatabasePopulator] > Persisting word2 = acme.entities.words.Word{id=7, version=0}
INFO [acme.framework.utilities.DatabasePopulator] > Persisting word3 = acme.entities.words.Word{id=8, version=0}
INFO [acme.framework.utilities.DatabasePopulator] > Persisting word4 = acme.entities.words.Word{id=9, version=0}
INFO [acme.framework.utilities.DatabasePopulator] > Persisting word5 = acme.entities.words.Word{id=10, version=0}
INFO [acme.framework.utilities.DatabasePopulator] > Persisting word6 = acme.entities.words.Word{id=11, version=0}
INFO [acme.framework.utilities.DatabasePopulator] > Persisting word7 = acme.entities.words.Word{id=12, version=0}
INFO [acme.framework.utilities.DatabasePopulator] > Persisting word8 = acme.entities.words.Word{id=13, version=0}
INFO [acme.framework.utilities.DatabasePopulator] > Persisting word9 = acme.entities.words.Word{id=14, version=0}
INFO [acme.framework.utilities.DatabasePopulator] > Persisting word10 = acme.entities.words.Word{id=15, version=0}
INFO [acme.framework.utilities.DatabasePopulator] > Persisting word11 = acme.entities.words.Word{id=16, version=0}
INFO [acme.framework.utilities.DatabasePopulator] > Persisting word12 = acme.entities.words.Word{id=17, version=0}
INFO [acme.framework.utilities.DatabasePopulator] > Persisting word13 = acme.entities.words.Word{id=18, version=0}
INFO [acme.framework.utilities.DatabasePopulator] > Persisting word14 = acme.entities.words.Word{id=19, version=0}
INFO [acme.framework.utilities.DatabasePopulator] > Persisting word15 = acme.entities.words.Word{id=20, version=0}
INFO [acme.framework.utilities.DatabasePopulator] > Persisting spamN1 = acme.entities.spam.Spam{id=21, version=0}
INFO [acme.framework.configuration.ShutdownConfiguration] The system is shutting down...
ERROR [org.apache.jsp.WEB_002dINF.views.framework.panic_jsp] HTTP GET /Acme-Planner/WEB-INF/views/framework/page.jsp HTTP/1.1
ERROR [org.apache.jsp.WEB_002dINF.views.framework.panic_jsp] Status: 404
ERROR [org.apache.jsp.WEB_002dINF.views.framework.panic_jsp] HTTP GET /Acme-Planner/WEB-INF/views/framework/page.jsp HTTP/1.1
ERROR [org.apache.jsp.WEB_002dINF.views.framework.panic_jsp] Status: 404
ERROR [org.apache.jsp.WEB_002dINF.views.framework.panic_jsp] HTTP GET /Acme-Planner/WEB-INF/views/framework/page.jsp HTTP/1.1
ERROR [org.apache.jsp.WEB_002dINF.views.framework.panic_jsp] Status: 404
ERROR [org.apache.jsp.WEB_002dINF.views.framework.panic_jsp] HTTP GET /Acme-Planner/WEB-INF/views/framework/page.jsp HTTP/1.1
ERROR [org.apache.jsp.WEB_002dINF.views.framework.panic_jsp] Status: 500
ERROR [org.apache.jsp.WEB_002dINF.views.framework.panic_jsp] Exception: acme.framework.helpers.Assert.state(Assert.java:45): Access is not authorised
ERROR [org.apache.jsp.WEB_002dINF.views.framework.panic_jsp] HTTP GET /Acme-Planner/WEB-INF/views/framework/page.jsp HTTP/1.1
ERROR [org.apache.jsp.WEB_002dINF.views.framework.panic_jsp] Status: 500
ERROR [org.apache.jsp.WEB_002dINF.views.framework.panic_jsp] Exception: acme.framework.helpers.Assert.state(Assert.java:45): Access is not authorised
ERROR [org.apache.jsp.WEB_002dINF.views.framework.panic_jsp] HTTP GET /Acme-Planner/WEB-INF/views/framework/page.jsp HTTP/1.1
ERROR [org.apache.jsp.WEB_002dINF.views.framework.panic_jsp] Status: 500
ERROR [org.apache.jsp.WEB_002dINF.views.framework.panic_jsp] Exception: acme.framework.helpers.Assert.state(Assert.java:45): Access is not authorised
ERROR [org.apache.jsp.WEB_002dINF.views.framework.panic_jsp] HTTP GET /Acme-Planner/WEB-INF/views/framework/page.jsp HTTP/1.1
ERROR [org.apache.jsp.WEB_002dINF.views.framework.panic_jsp] Status: 404
WARN [org.hibernate.engine.jdbc.spi.SqlExceptionHelper] SQL Error: 1146, SQLState: 42S02
ERROR [org.hibernate.engine.jdbc.spi.SqlExceptionHelper] Table 'acme-planner.task' doesn't exist
ERROR [org.apache.jsp.WEB_002dINF.views.framework.panic_jsp] HTTP GET /Acme-Planner/WEB-INF/views/framework/page.jsp HTTP/1.1
ERROR [org.apache.jsp.WEB_002dINF.views.framework.panic_jsp] Status: 500
ERROR [org.apache.jsp.WEB_002dINF.views.framework.panic_jsp] Exception: org.springframework.orm.jpa.vendor.HibernateJpaDialect.convertHibernateAccessException(HibernateJpaDialect.java:259): could not extract ResultSet; SQL [n/a]; nested exception is org.hibernate.exception.SQLGrammarException: could not extract ResultSet
org.hibernate.exception.internal.SQLExceptionTypeDelegate.convert(SQLExceptionTypeDelegate.java:63): could not extract ResultSet
com.mysql.cj.jdbc.exceptions.SQLError.createSQLException(SQLError.java:120): Table 'acme-planner.task' doesn't exist
ERROR [org.apache.jsp.WEB_002dINF.views.framework.panic_jsp] HTTP GET /Acme-Planner/WEB-INF/views/framework/page.jsp HTTP/1.1
ERROR [org.apache.jsp.WEB_002dINF.views.framework.panic_jsp] Status: 500
ERROR [org.apache.jsp.WEB_002dINF.views.framework.panic_jsp] Exception: acme.framework.helpers.Assert.state(Assert.java:45): Access is not authorised
ERROR [org.apache.jsp.WEB_002dINF.views.framework.panic_jsp] HTTP GET /Acme-Planner/WEB-INF/views/framework/page.jsp HTTP/1.1
ERROR [org.apache.jsp.WEB_002dINF.views.framework.panic_jsp] Status: 500
ERROR [org.apache.jsp.WEB_002dINF.views.framework.panic_jsp] Exception: acme.framework.helpers.Assert.state(Assert.java:45): Access is not authorised
ERROR [org.apache.jsp.WEB_002dINF.views.framework.panic_jsp] HTTP GET /Acme-Planner/WEB-INF/views/framework/page.jsp HTTP/1.1
ERROR [org.apache.jsp.WEB_002dINF.views.framework.panic_jsp] Status: 500
ERROR [org.apache.jsp.WEB_002dINF.views.framework.panic_jsp] Exception: acme.framework.helpers.Assert.state(Assert.java:45): Access is not authorised
ERROR [org.apache.jsp.WEB_002dINF.views.framework.panic_jsp] HTTP GET /Acme-Planner/WEB-INF/views/framework/page.jsp HTTP/1.1
ERROR [org.apache.jsp.WEB_002dINF.views.framework.panic_jsp] Status: 404
ERROR [org.apache.jsp.WEB_002dINF.views.framework.panic_jsp] HTTP GET /Acme-Planner/WEB-INF/views/framework/page.jsp HTTP/1.1
ERROR [org.apache.jsp.WEB_002dINF.views.framework.panic_jsp] Status: 500
ERROR [org.apache.jsp.WEB_002dINF.views.framework.panic_jsp] Exception: acme.framework.helpers.Assert.state(Assert.java:45): Access is not authorised
ERROR [org.apache.jsp.WEB_002dINF.views.framework.panic_jsp] HTTP GET /Acme-Planner/WEB-INF/views/framework/page.jsp HTTP/1.1
ERROR [org.apache.jsp.WEB_002dINF.views.framework.panic_jsp] Status: 500
ERROR [org.apache.jsp.WEB_002dINF.views.framework.panic_jsp] Exception: acme.framework.helpers.Assert.state(Assert.java:45): Access is not authorised
ERROR [org.apache.jsp.WEB_002dINF.views.framework.panic_jsp] HTTP GET /Acme-Planner/WEB-INF/views/framework/page.jsp HTTP/1.1
ERROR [org.apache.jsp.WEB_002dINF.views.framework.panic_jsp] Status: 500
ERROR [org.apache.jsp.WEB_002dINF.views.framework.panic_jsp] Exception: acme.framework.helpers.Assert.state(Assert.java:45): Access is not authorised
ERROR [org.apache.jsp.WEB_002dINF.views.framework.panic_jsp] HTTP GET /Acme-Planner/WEB-INF/views/framework/page.jsp HTTP/1.1
ERROR [org.apache.jsp.WEB_002dINF.views.framework.panic_jsp] Status: 500
ERROR [org.apache.jsp.WEB_002dINF.views.framework.panic_jsp] Exception: acme.framework.helpers.Assert.state(Assert.java:45): Access is not authorised
ERROR [org.apache.jsp.WEB_002dINF.views.framework.panic_jsp] HTTP GET /Acme-Planner/WEB-INF/views/framework/page.jsp HTTP/1.1
ERROR [org.apache.jsp.WEB_002dINF.views.framework.panic_jsp] Status: 404
ERROR [org.apache.jsp.WEB_002dINF.views.framework.panic_jsp] HTTP GET /Acme-Planner/WEB-INF/views/framework/page.jsp HTTP/1.1
ERROR [org.apache.jsp.WEB_002dINF.views.framework.panic_jsp] Status: 404
ERROR [org.apache.jsp.WEB_002dINF.views.framework.panic_jsp] HTTP GET /Acme-Planner/WEB-INF/views/framework/page.jsp HTTP/1.1
ERROR [org.apache.jsp.WEB_002dINF.views.framework.panic_jsp] Status: 500
ERROR [org.apache.jsp.WEB_002dINF.views.framework.panic_jsp] Exception: acme.framework.helpers.Assert.state(Assert.java:45): Access is not authorised
ERROR [org.apache.jsp.WEB_002dINF.views.framework.panic_jsp] HTTP GET /Acme-Planner/WEB-INF/views/framework/page.jsp HTTP/1.1
ERROR [org.apache.jsp.WEB_002dINF.views.framework.panic_jsp] Status: 500
ERROR [org.apache.jsp.WEB_002dINF.views.framework.panic_jsp] Exception: acme.framework.helpers.Assert.state(Assert.java:45): Access is not authorised
ERROR [org.apache.jsp.WEB_002dINF.views.framework.panic_jsp] HTTP GET /Acme-Planner/WEB-INF/views/framework/page.jsp HTTP/1.1
ERROR [org.apache.jsp.WEB_002dINF.views.framework.panic_jsp] Status: 500
ERROR [org.apache.jsp.WEB_002dINF.views.framework.panic_jsp] Exception: acme.framework.helpers.Assert.state(Assert.java:45): Access is not authorised
ERROR [org.apache.jsp.WEB_002dINF.views.framework.panic_jsp] HTTP GET /Acme-Planner/WEB-INF/views/framework/page.jsp HTTP/1.1
ERROR [org.apache.jsp.WEB_002dINF.views.framework.panic_jsp] Status: 500
ERROR [org.apache.jsp.WEB_002dINF.views.framework.panic_jsp] Exception: acme.framework.helpers.Assert.state(Assert.java:45): Access is not authorised
